<?xml version="1.0" encoding="UTF-8"?>
<!-- Generated by org.testng.reporters.JUnitReportReporter -->
<testsuite skipped="0" hostname="Nirjhar" name="cross_device_elements.CrossDeviceElementsTest" tests="5" failures="0" timestamp="2020-06-25T16:44:39 IST" time="94.638" errors="0">
  <testcase name="verifyCrossDeviceElements" time="23.061" classname="cross_device_elements.CrossDeviceElementsTest"/>
  <system-out/>
  <testcase name="verifyCrossDeviceElements" time="23.408" classname="cross_device_elements.CrossDeviceElementsTest"/>
  <system-out/>
  <testcase name="verifyCrossDeviceElements" time="17.242" classname="cross_device_elements.CrossDeviceElementsTest"/>
  <system-out/>
  <testcase name="verifyCrossDeviceElements" time="15.463" classname="cross_device_elements.CrossDeviceElementsTest"/>
  <system-out/>
  <testcase name="verifyCrossDeviceElements" time="15.464" classname="cross_device_elements.CrossDeviceElementsTest"/>
  <system-out/>
</testsuite> <!-- cross_device_elements.CrossDeviceElementsTest -->
