<?xml version="1.0" encoding="UTF-8"?>
<!-- Generated by org.testng.reporters.JUnitReportReporter -->
<testsuite skipped="0" hostname="Nirjhar" name="traditional_test_v1.TraditionalTestsV1" tests="5" failures="0" timestamp="2020-07-04T01:19:42 IST" time="120.679" errors="0">
  <testcase name="TraditionalTestsV1" time="21.893" classname="traditional_test_v1.TraditionalTestsV1"/>
  <system-out/>
  <testcase name="TraditionalTestsV1" time="27.522" classname="traditional_test_v1.TraditionalTestsV1"/>
  <system-out/>
  <testcase name="TraditionalTestsV1" time="28.033" classname="traditional_test_v1.TraditionalTestsV1"/>
  <system-out/>
  <testcase name="TraditionalTestsV1" time="22.042" classname="traditional_test_v1.TraditionalTestsV1"/>
  <system-out/>
  <testcase name="TraditionalTestsV1" time="21.189" classname="traditional_test_v1.TraditionalTestsV1"/>
  <system-out/>
</testsuite> <!-- traditional_test_v1.TraditionalTestsV1 -->
